0 info it worked if it ends with ok
1 verbose cli [ '/Users/jlaster/.nvm/versions/node/v7.0.0/bin/node',
1 verbose cli   '/Users/jlaster/.nvm/versions/node/v7.0.0/bin/npm',
1 verbose cli   'start' ]
2 info using npm@3.10.8
3 info using node@v7.0.0
4 verbose stack Error: Invalid name: "Firefox Debugger App"
4 verbose stack     at ensureValidName (/Users/jlaster/.nvm/versions/node/v7.0.0/lib/node_modules/npm/node_modules/normalize-package-data/lib/fixer.js:336:15)
4 verbose stack     at Object.fixNameField (/Users/jlaster/.nvm/versions/node/v7.0.0/lib/node_modules/npm/node_modules/normalize-package-data/lib/fixer.js:215:5)
4 verbose stack     at /Users/jlaster/.nvm/versions/node/v7.0.0/lib/node_modules/npm/node_modules/normalize-package-data/lib/normalize.js:32:38
4 verbose stack     at Array.forEach (native)
4 verbose stack     at normalize (/Users/jlaster/.nvm/versions/node/v7.0.0/lib/node_modules/npm/node_modules/normalize-package-data/lib/normalize.js:31:15)
4 verbose stack     at final (/Users/jlaster/.nvm/versions/node/v7.0.0/lib/node_modules/npm/node_modules/read-package-json/read-json.js:349:5)
4 verbose stack     at then (/Users/jlaster/.nvm/versions/node/v7.0.0/lib/node_modules/npm/node_modules/read-package-json/read-json.js:124:5)
4 verbose stack     at /Users/jlaster/.nvm/versions/node/v7.0.0/lib/node_modules/npm/node_modules/read-package-json/read-json.js:311:12
4 verbose stack     at /Users/jlaster/.nvm/versions/node/v7.0.0/lib/node_modules/npm/node_modules/graceful-fs/graceful-fs.js:78:16
4 verbose stack     at tryToString (fs.js:425:3)
5 verbose cwd /Users/jlaster/src/mozilla/debugger.app
6 error Darwin 15.6.0
7 error argv "/Users/jlaster/.nvm/versions/node/v7.0.0/bin/node" "/Users/jlaster/.nvm/versions/node/v7.0.0/bin/npm" "start"
8 error node v7.0.0
9 error npm  v3.10.8
10 error Invalid name: "Firefox Debugger App"
11 error If you need help, you may report this error at:
11 error     <https://github.com/npm/npm/issues>
12 verbose exit [ 1, true ]
